2021-01-08 02:06:22.939  INFO 20648 --- [main] com.pclogo.demo.DemoApplication          : Starting DemoApplication using Java 1.8.0_152 on LAPTOP-R0I541VK with PID 20648 (D:\idea\projects\BackEnd\target\classes started by 徐珺涵 in D:\idea\projects\BackEnd)
2021-01-08 02:06:22.942  INFO 20648 --- [main] com.pclogo.demo.DemoApplication          : No active profile set, falling back to default profiles: default
2021-01-08 02:06:23.021  WARN 20648 --- [background-preinit] o.s.h.c.j.Jackson2ObjectMapperBuilder    : For Jackson Kotlin classes support please add "com.fasterxml.jackson.module:jackson-module-kotlin" to the classpath
2021-01-08 02:06:23.634  INFO 20648 --- [main] .s.d.r.c.RepositoryConfigurationDelegate : Multiple Spring Data modules found, entering strict repository configuration mode!
2021-01-08 02:06:23.636  INFO 20648 --- [main] .s.d.r.c.RepositoryConfigurationDelegate : Bootstrapping Spring Data JDBC repositories in DEFAULT mode.
2021-01-08 02:06:23.661  INFO 20648 --- [main] .RepositoryConfigurationExtensionSupport : Spring Data JDBC - Could not safely identify store assignment for repository candidate interface com.pclogo.demo.repository.UserMongoRepository. If you want this repository to be a JDBC repository, consider annotating your entities with one of these annotations: org.springframework.data.relational.core.mapping.Table.
2021-01-08 02:06:23.663  INFO 20648 --- [main] .RepositoryConfigurationExtensionSupport : Spring Data JDBC - Could not safely identify store assignment for repository candidate interface com.pclogo.demo.repository.UserRepository. If you want this repository to be a JDBC repository, consider annotating your entities with one of these annotations: org.springframework.data.relational.core.mapping.Table.
2021-01-08 02:06:23.664  INFO 20648 --- [main] .s.d.r.c.RepositoryConfigurationDelegate : Finished Spring Data repository scanning in 26 ms. Found 0 JDBC repository interfaces.
2021-01-08 02:06:23.670  INFO 20648 --- [main] .s.d.r.c.RepositoryConfigurationDelegate : Multiple Spring Data modules found, entering strict repository configuration mode!
2021-01-08 02:06:23.670  INFO 20648 --- [main] .s.d.r.c.RepositoryConfigurationDelegate : Bootstrapping Spring Data JPA repositories in DEFERRED mode.
2021-01-08 02:06:23.678  INFO 20648 --- [main] .RepositoryConfigurationExtensionSupport : Spring Data JPA - Could not safely identify store assignment for repository candidate interface com.pclogo.demo.repository.UserMongoRepository. If you want this repository to be a JPA repository, consider annotating your entities with one of these annotations: javax.persistence.Entity, javax.persistence.MappedSuperclass (preferred), or consider extending one of the following types with your repository: org.springframework.data.jpa.repository.JpaRepository.
2021-01-08 02:06:23.695  INFO 20648 --- [main] .s.d.r.c.RepositoryConfigurationDelegate : Finished Spring Data repository scanning in 21 ms. Found 1 JPA repository interfaces.
2021-01-08 02:06:23.701  INFO 20648 --- [main] .s.d.r.c.RepositoryConfigurationDelegate : Multiple Spring Data modules found, entering strict repository configuration mode!
2021-01-08 02:06:23.701  INFO 20648 --- [main] .s.d.r.c.RepositoryConfigurationDelegate : Bootstrapping Spring Data MongoDB repositories in DEFAULT mode.
2021-01-08 02:06:23.705  INFO 20648 --- [main] .RepositoryConfigurationExtensionSupport : Spring Data MongoDB - Could not safely identify store assignment for repository candidate interface com.pclogo.demo.repository.UserRepository. If you want this repository to be a MongoDB repository, consider annotating your entities with one of these annotations: org.springframework.data.mongodb.core.mapping.Document (preferred), or consider extending one of the following types with your repository: org.springframework.data.mongodb.repository.MongoRepository.
2021-01-08 02:06:23.708  INFO 20648 --- [main] .s.d.r.c.RepositoryConfigurationDelegate : Finished Spring Data repository scanning in 6 ms. Found 1 MongoDB repository interfaces.
2021-01-08 02:06:24.042  INFO 20648 --- [main] o.s.b.w.embedded.tomcat.TomcatWebServer  : Tomcat initialized with port(s): 8080 (http)
2021-01-08 02:06:24.049  INFO 20648 --- [main] o.apache.catalina.core.StandardService   : Starting service [Tomcat]
2021-01-08 02:06:24.049  INFO 20648 --- [main] org.apache.catalina.core.StandardEngine  : Starting Servlet engine: [Apache Tomcat/9.0.39]
2021-01-08 02:06:24.141  INFO 20648 --- [main] o.a.c.c.C.[Tomcat].[localhost].[/]       : Initializing Spring embedded WebApplicationContext
2021-01-08 02:06:24.142  INFO 20648 --- [main] w.s.c.ServletWebServerApplicationContext : Root WebApplicationContext: initialization completed in 1154 ms
2021-01-08 02:06:24.319  INFO 20648 --- [main] o.s.s.concurrent.ThreadPoolTaskExecutor  : Initializing ExecutorService 'applicationTaskExecutor'
2021-01-08 02:06:24.327  INFO 20648 --- [main] o.s.s.c.ThreadPoolTaskScheduler          : Initializing ExecutorService 'taskScheduler'
2021-01-08 02:06:24.354  INFO 20648 --- [task-1] o.hibernate.jpa.internal.util.LogHelper  : HHH000204: Processing PersistenceUnitInfo [name: default]
2021-01-08 02:06:24.391  INFO 20648 --- [task-1] org.hibernate.Version                    : HHH000412: Hibernate ORM core version 5.4.23.Final
2021-01-08 02:06:24.487  INFO 20648 --- [main] org.mongodb.driver.cluster               : Cluster created with settings {hosts=[localhost:27017], mode=SINGLE, requiredClusterType=UNKNOWN, serverSelectionTimeout='30000 ms'}
2021-01-08 02:06:24.525  INFO 20648 --- [cluster-rtt-ClusterId{value='5ff74da06b0234180c39a6dc', description='null'}-localhost:27017] org.mongodb.driver.connection            : Opened connection [connectionId{localValue:2, serverValue:33}] to localhost:27017
2021-01-08 02:06:24.525  INFO 20648 --- [cluster-ClusterId{value='5ff74da06b0234180c39a6dc', description='null'}-localhost:27017] org.mongodb.driver.connection            : Opened connection [connectionId{localValue:1, serverValue:34}] to localhost:27017
2021-01-08 02:06:24.525  INFO 20648 --- [cluster-ClusterId{value='5ff74da06b0234180c39a6dc', description='null'}-localhost:27017] org.mongodb.driver.cluster               : Monitor thread successfully connected to server with description ServerDescription{address=localhost:27017, type=STANDALONE, state=CONNECTED, ok=true, minWireVersion=0, maxWireVersion=7, maxDocumentSize=16777216, logicalSessionTimeoutMinutes=30, roundTripTimeNanos=12747700}
2021-01-08 02:06:24.571  INFO 20648 --- [task-1] o.hibernate.annotations.common.Version   : HCANN000001: Hibernate Commons Annotations {5.1.2.Final}
2021-01-08 02:06:24.651  INFO 20648 --- [task-1] com.zaxxer.hikari.HikariDataSource       : HikariPool-1 - Starting...
2021-01-08 02:06:24.762  WARN 20648 --- [main] JpaBaseConfiguration$JpaWebConfiguration : spring.jpa.open-in-view is enabled by default. Therefore, database queries may be performed during view rendering. Explicitly configure spring.jpa.open-in-view to disable this warning
2021-01-08 02:06:24.787  INFO 20648 --- [task-1] com.zaxxer.hikari.HikariDataSource       : HikariPool-1 - Start completed.
2021-01-08 02:06:24.805  INFO 20648 --- [task-1] org.hibernate.dialect.Dialect            : HHH000400: Using dialect: org.hibernate.dialect.MySQL8Dialect
2021-01-08 02:06:25.160  INFO 20648 --- [main] o.s.b.a.e.web.EndpointLinksResolver      : Exposing 2 endpoint(s) beneath base path '/actuator'
2021-01-08 02:06:25.255  INFO 20648 --- [task-1] o.h.e.t.j.p.i.JtaPlatformInitiator       : HHH000490: Using JtaPlatform implementation: [org.hibernate.engine.transaction.jta.platform.internal.NoJtaPlatform]
2021-01-08 02:06:25.262  INFO 20648 --- [task-1] j.LocalContainerEntityManagerFactoryBean : Initialized JPA EntityManagerFactory for persistence unit 'default'
2021-01-08 02:06:25.284  INFO 20648 --- [main] o.s.b.w.embedded.tomcat.TomcatWebServer  : Tomcat started on port(s): 8080 (http) with context path ''
2021-01-08 02:06:25.285  INFO 20648 --- [main] DeferredRepositoryInitializationListener : Triggering deferred initialization of Spring Data repositories…
2021-01-08 02:06:25.406  INFO 20648 --- [main] DeferredRepositoryInitializationListener : Spring Data repositories initialized!
2021-01-08 02:06:25.416  INFO 20648 --- [main] com.pclogo.demo.DemoApplication          : Started DemoApplication in 2.811 seconds (JVM running for 3.556)
2021-01-08 02:06:25.891  INFO 20648 --- [RMI TCP Connection(1)-10.162.148.222] org.mongodb.driver.connection            : Opened connection [connectionId{localValue:3, serverValue:35}] to localhost:27017
2021-01-08 02:06:26.145  INFO 20648 --- [RMI TCP Connection(3)-10.162.148.222] o.a.c.c.C.[Tomcat].[localhost].[/]       : Initializing Spring DispatcherServlet 'dispatcherServlet'
2021-01-08 02:06:26.145  INFO 20648 --- [RMI TCP Connection(3)-10.162.148.222] o.s.web.servlet.DispatcherServlet        : Initializing Servlet 'dispatcherServlet'
2021-01-08 02:06:26.146  INFO 20648 --- [RMI TCP Connection(3)-10.162.148.222] o.s.web.servlet.DispatcherServlet        : Completed initialization in 1 ms
2021-01-08 02:07:37.191  INFO 20648 --- [http-nio-8080-exec-1] com.pclogo.demo.configuration.LogConfig  : createRoom1	0
2021-01-08 02:20:13.714  INFO 10560 --- [main] com.pclogo.demo.DemoApplication          : Starting DemoApplication using Java 1.8.0_152 on LAPTOP-R0I541VK with PID 10560 (D:\idea\projects\BackEnd\target\classes started by 徐珺涵 in D:\idea\projects\BackEnd)
2021-01-08 02:20:13.717  INFO 10560 --- [main] com.pclogo.demo.DemoApplication          : No active profile set, falling back to default profiles: default
2021-01-08 02:20:13.789  WARN 10560 --- [background-preinit] o.s.h.c.j.Jackson2ObjectMapperBuilder    : For Jackson Kotlin classes support please add "com.fasterxml.jackson.module:jackson-module-kotlin" to the classpath
2021-01-08 02:20:14.465  INFO 10560 --- [main] .s.d.r.c.RepositoryConfigurationDelegate : Multiple Spring Data modules found, entering strict repository configuration mode!
2021-01-08 02:20:14.466  INFO 10560 --- [main] .s.d.r.c.RepositoryConfigurationDelegate : Bootstrapping Spring Data JDBC repositories in DEFAULT mode.
2021-01-08 02:20:14.496  INFO 10560 --- [main] .RepositoryConfigurationExtensionSupport : Spring Data JDBC - Could not safely identify store assignment for repository candidate interface com.pclogo.demo.repository.UserMongoRepository. If you want this repository to be a JDBC repository, consider annotating your entities with one of these annotations: org.springframework.data.relational.core.mapping.Table.
2021-01-08 02:20:14.499  INFO 10560 --- [main] .RepositoryConfigurationExtensionSupport : Spring Data JDBC - Could not safely identify store assignment for repository candidate interface com.pclogo.demo.repository.UserRepository. If you want this repository to be a JDBC repository, consider annotating your entities with one of these annotations: org.springframework.data.relational.core.mapping.Table.
2021-01-08 02:20:14.500  INFO 10560 --- [main] .s.d.r.c.RepositoryConfigurationDelegate : Finished Spring Data repository scanning in 31 ms. Found 0 JDBC repository interfaces.
2021-01-08 02:20:14.505  INFO 10560 --- [main] .s.d.r.c.RepositoryConfigurationDelegate : Multiple Spring Data modules found, entering strict repository configuration mode!
2021-01-08 02:20:14.505  INFO 10560 --- [main] .s.d.r.c.RepositoryConfigurationDelegate : Bootstrapping Spring Data JPA repositories in DEFERRED mode.
2021-01-08 02:20:14.513  INFO 10560 --- [main] .RepositoryConfigurationExtensionSupport : Spring Data JPA - Could not safely identify store assignment for repository candidate interface com.pclogo.demo.repository.UserMongoRepository. If you want this repository to be a JPA repository, consider annotating your entities with one of these annotations: javax.persistence.Entity, javax.persistence.MappedSuperclass (preferred), or consider extending one of the following types with your repository: org.springframework.data.jpa.repository.JpaRepository.
2021-01-08 02:20:14.530  INFO 10560 --- [main] .s.d.r.c.RepositoryConfigurationDelegate : Finished Spring Data repository scanning in 21 ms. Found 1 JPA repository interfaces.
2021-01-08 02:20:14.535  INFO 10560 --- [main] .s.d.r.c.RepositoryConfigurationDelegate : Multiple Spring Data modules found, entering strict repository configuration mode!
2021-01-08 02:20:14.536  INFO 10560 --- [main] .s.d.r.c.RepositoryConfigurationDelegate : Bootstrapping Spring Data MongoDB repositories in DEFAULT mode.
2021-01-08 02:20:14.539  INFO 10560 --- [main] .RepositoryConfigurationExtensionSupport : Spring Data MongoDB - Could not safely identify store assignment for repository candidate interface com.pclogo.demo.repository.UserRepository. If you want this repository to be a MongoDB repository, consider annotating your entities with one of these annotations: org.springframework.data.mongodb.core.mapping.Document (preferred), or consider extending one of the following types with your repository: org.springframework.data.mongodb.repository.MongoRepository.
2021-01-08 02:20:14.543  INFO 10560 --- [main] .s.d.r.c.RepositoryConfigurationDelegate : Finished Spring Data repository scanning in 6 ms. Found 1 MongoDB repository interfaces.
2021-01-08 02:20:14.875  INFO 10560 --- [main] o.s.b.w.embedded.tomcat.TomcatWebServer  : Tomcat initialized with port(s): 8080 (http)
2021-01-08 02:20:14.882  INFO 10560 --- [main] o.apache.catalina.core.StandardService   : Starting service [Tomcat]
2021-01-08 02:20:14.882  INFO 10560 --- [main] org.apache.catalina.core.StandardEngine  : Starting Servlet engine: [Apache Tomcat/9.0.39]
2021-01-08 02:20:14.977  INFO 10560 --- [main] o.a.c.c.C.[Tomcat].[localhost].[/]       : Initializing Spring embedded WebApplicationContext
2021-01-08 02:20:14.977  INFO 10560 --- [main] w.s.c.ServletWebServerApplicationContext : Root WebApplicationContext: initialization completed in 1221 ms
2021-01-08 02:20:15.149  INFO 10560 --- [main] o.s.s.concurrent.ThreadPoolTaskExecutor  : Initializing ExecutorService 'applicationTaskExecutor'
2021-01-08 02:20:15.158  INFO 10560 --- [main] o.s.s.c.ThreadPoolTaskScheduler          : Initializing ExecutorService 'taskScheduler'
2021-01-08 02:20:15.184  INFO 10560 --- [task-1] o.hibernate.jpa.internal.util.LogHelper  : HHH000204: Processing PersistenceUnitInfo [name: default]
2021-01-08 02:20:15.220  INFO 10560 --- [task-1] org.hibernate.Version                    : HHH000412: Hibernate ORM core version 5.4.23.Final
2021-01-08 02:20:15.319  INFO 10560 --- [main] org.mongodb.driver.cluster               : Cluster created with settings {hosts=[localhost:27017], mode=SINGLE, requiredClusterType=UNKNOWN, serverSelectionTimeout='30000 ms'}
2021-01-08 02:20:15.357  INFO 10560 --- [cluster-rtt-ClusterId{value='5ff750df8f345478937838ab', description='null'}-localhost:27017] org.mongodb.driver.connection            : Opened connection [connectionId{localValue:2, serverValue:36}] to localhost:27017
2021-01-08 02:20:15.357  INFO 10560 --- [cluster-ClusterId{value='5ff750df8f345478937838ab', description='null'}-localhost:27017] org.mongodb.driver.connection            : Opened connection [connectionId{localValue:1, serverValue:37}] to localhost:27017
2021-01-08 02:20:15.357  INFO 10560 --- [cluster-ClusterId{value='5ff750df8f345478937838ab', description='null'}-localhost:27017] org.mongodb.driver.cluster               : Monitor thread successfully connected to server with description ServerDescription{address=localhost:27017, type=STANDALONE, state=CONNECTED, ok=true, minWireVersion=0, maxWireVersion=7, maxDocumentSize=16777216, logicalSessionTimeoutMinutes=30, roundTripTimeNanos=12050300}
2021-01-08 02:20:15.400  INFO 10560 --- [task-1] o.hibernate.annotations.common.Version   : HCANN000001: Hibernate Commons Annotations {5.1.2.Final}
2021-01-08 02:20:15.479  INFO 10560 --- [task-1] com.zaxxer.hikari.HikariDataSource       : HikariPool-1 - Starting...
2021-01-08 02:20:15.589  WARN 10560 --- [main] JpaBaseConfiguration$JpaWebConfiguration : spring.jpa.open-in-view is enabled by default. Therefore, database queries may be performed during view rendering. Explicitly configure spring.jpa.open-in-view to disable this warning
2021-01-08 02:20:15.606  INFO 10560 --- [task-1] com.zaxxer.hikari.HikariDataSource       : HikariPool-1 - Start completed.
2021-01-08 02:20:15.623  INFO 10560 --- [task-1] org.hibernate.dialect.Dialect            : HHH000400: Using dialect: org.hibernate.dialect.MySQL8Dialect
2021-01-08 02:20:16.007  INFO 10560 --- [main] o.s.b.a.e.web.EndpointLinksResolver      : Exposing 2 endpoint(s) beneath base path '/actuator'
2021-01-08 02:20:16.081  INFO 10560 --- [task-1] o.h.e.t.j.p.i.JtaPlatformInitiator       : HHH000490: Using JtaPlatform implementation: [org.hibernate.engine.transaction.jta.platform.internal.NoJtaPlatform]
2021-01-08 02:20:16.087  INFO 10560 --- [task-1] j.LocalContainerEntityManagerFactoryBean : Initialized JPA EntityManagerFactory for persistence unit 'default'
2021-01-08 02:20:16.109  INFO 10560 --- [main] o.s.b.w.embedded.tomcat.TomcatWebServer  : Tomcat started on port(s): 8080 (http) with context path ''
2021-01-08 02:20:16.110  INFO 10560 --- [main] DeferredRepositoryInitializationListener : Triggering deferred initialization of Spring Data repositories…
2021-01-08 02:20:16.238  INFO 10560 --- [main] DeferredRepositoryInitializationListener : Spring Data repositories initialized!
2021-01-08 02:20:16.250  INFO 10560 --- [main] com.pclogo.demo.DemoApplication          : Started DemoApplication in 2.836 seconds (JVM running for 3.608)
2021-01-08 02:20:16.462  INFO 10560 --- [RMI TCP Connection(3)-10.162.148.222] org.mongodb.driver.connection            : Opened connection [connectionId{localValue:3, serverValue:38}] to localhost:27017
2021-01-08 02:20:16.829  INFO 10560 --- [RMI TCP Connection(5)-10.162.148.222] o.a.c.c.C.[Tomcat].[localhost].[/]       : Initializing Spring DispatcherServlet 'dispatcherServlet'
2021-01-08 02:20:16.829  INFO 10560 --- [RMI TCP Connection(5)-10.162.148.222] o.s.web.servlet.DispatcherServlet        : Initializing Servlet 'dispatcherServlet'
2021-01-08 02:20:16.830  INFO 10560 --- [RMI TCP Connection(5)-10.162.148.222] o.s.web.servlet.DispatcherServlet        : Completed initialization in 1 ms
2021-01-08 02:20:23.710  INFO 10560 --- [http-nio-8080-exec-1] com.pclogo.demo.configuration.LogConfig  : createRoom1	0
2021-01-08 02:21:27.132  INFO 10560 --- [http-nio-8080-exec-4] com.pclogo.demo.configuration.LogConfig  : joinById2	1001	0
2021-01-08 02:22:12.060  INFO 1452 --- [main] com.pclogo.demo.DemoApplication          : Starting DemoApplication using Java 1.8.0_152 on LAPTOP-R0I541VK with PID 1452 (D:\idea\projects\BackEnd\target\classes started by 徐珺涵 in D:\idea\projects\BackEnd)
2021-01-08 02:22:12.062  INFO 1452 --- [main] com.pclogo.demo.DemoApplication          : No active profile set, falling back to default profiles: default
2021-01-08 02:22:12.126  WARN 1452 --- [background-preinit] o.s.h.c.j.Jackson2ObjectMapperBuilder    : For Jackson Kotlin classes support please add "com.fasterxml.jackson.module:jackson-module-kotlin" to the classpath
2021-01-08 02:22:12.791  INFO 1452 --- [main] .s.d.r.c.RepositoryConfigurationDelegate : Multiple Spring Data modules found, entering strict repository configuration mode!
2021-01-08 02:22:12.792  INFO 1452 --- [main] .s.d.r.c.RepositoryConfigurationDelegate : Bootstrapping Spring Data JDBC repositories in DEFAULT mode.
2021-01-08 02:22:12.819  INFO 1452 --- [main] .RepositoryConfigurationExtensionSupport : Spring Data JDBC - Could not safely identify store assignment for repository candidate interface com.pclogo.demo.repository.UserMongoRepository. If you want this repository to be a JDBC repository, consider annotating your entities with one of these annotations: org.springframework.data.relational.core.mapping.Table.
2021-01-08 02:22:12.821  INFO 1452 --- [main] .RepositoryConfigurationExtensionSupport : Spring Data JDBC - Could not safely identify store assignment for repository candidate interface com.pclogo.demo.repository.UserRepository. If you want this repository to be a JDBC repository, consider annotating your entities with one of these annotations: org.springframework.data.relational.core.mapping.Table.
2021-01-08 02:22:12.822  INFO 1452 --- [main] .s.d.r.c.RepositoryConfigurationDelegate : Finished Spring Data repository scanning in 27 ms. Found 0 JDBC repository interfaces.
2021-01-08 02:22:12.827  INFO 1452 --- [main] .s.d.r.c.RepositoryConfigurationDelegate : Multiple Spring Data modules found, entering strict repository configuration mode!
2021-01-08 02:22:12.827  INFO 1452 --- [main] .s.d.r.c.RepositoryConfigurationDelegate : Bootstrapping Spring Data JPA repositories in DEFERRED mode.
2021-01-08 02:22:12.835  INFO 1452 --- [main] .RepositoryConfigurationExtensionSupport : Spring Data JPA - Could not safely identify store assignment for repository candidate interface com.pclogo.demo.repository.UserMongoRepository. If you want this repository to be a JPA repository, consider annotating your entities with one of these annotations: javax.persistence.Entity, javax.persistence.MappedSuperclass (preferred), or consider extending one of the following types with your repository: org.springframework.data.jpa.repository.JpaRepository.
2021-01-08 02:22:12.852  INFO 1452 --- [main] .s.d.r.c.RepositoryConfigurationDelegate : Finished Spring Data repository scanning in 21 ms. Found 1 JPA repository interfaces.
2021-01-08 02:22:12.857  INFO 1452 --- [main] .s.d.r.c.RepositoryConfigurationDelegate : Multiple Spring Data modules found, entering strict repository configuration mode!
2021-01-08 02:22:12.857  INFO 1452 --- [main] .s.d.r.c.RepositoryConfigurationDelegate : Bootstrapping Spring Data MongoDB repositories in DEFAULT mode.
2021-01-08 02:22:12.861  INFO 1452 --- [main] .RepositoryConfigurationExtensionSupport : Spring Data MongoDB - Could not safely identify store assignment for repository candidate interface com.pclogo.demo.repository.UserRepository. If you want this repository to be a MongoDB repository, consider annotating your entities with one of these annotations: org.springframework.data.mongodb.core.mapping.Document (preferred), or consider extending one of the following types with your repository: org.springframework.data.mongodb.repository.MongoRepository.
2021-01-08 02:22:12.864  INFO 1452 --- [main] .s.d.r.c.RepositoryConfigurationDelegate : Finished Spring Data repository scanning in 6 ms. Found 1 MongoDB repository interfaces.
2021-01-08 02:22:13.197  INFO 1452 --- [main] o.s.b.w.embedded.tomcat.TomcatWebServer  : Tomcat initialized with port(s): 8080 (http)
2021-01-08 02:22:13.204  INFO 1452 --- [main] o.apache.catalina.core.StandardService   : Starting service [Tomcat]
2021-01-08 02:22:13.205  INFO 1452 --- [main] org.apache.catalina.core.StandardEngine  : Starting Servlet engine: [Apache Tomcat/9.0.39]
2021-01-08 02:22:13.304  INFO 1452 --- [main] o.a.c.c.C.[Tomcat].[localhost].[/]       : Initializing Spring embedded WebApplicationContext
2021-01-08 02:22:13.305  INFO 1452 --- [main] w.s.c.ServletWebServerApplicationContext : Root WebApplicationContext: initialization completed in 1207 ms
2021-01-08 02:22:13.477  INFO 1452 --- [main] o.s.s.concurrent.ThreadPoolTaskExecutor  : Initializing ExecutorService 'applicationTaskExecutor'
2021-01-08 02:22:13.485  INFO 1452 --- [main] o.s.s.c.ThreadPoolTaskScheduler          : Initializing ExecutorService 'taskScheduler'
2021-01-08 02:22:13.512  INFO 1452 --- [task-1] o.hibernate.jpa.internal.util.LogHelper  : HHH000204: Processing PersistenceUnitInfo [name: default]
2021-01-08 02:22:13.547  INFO 1452 --- [task-1] org.hibernate.Version                    : HHH000412: Hibernate ORM core version 5.4.23.Final
2021-01-08 02:22:13.641  INFO 1452 --- [main] org.mongodb.driver.cluster               : Cluster created with settings {hosts=[localhost:27017], mode=SINGLE, requiredClusterType=UNKNOWN, serverSelectionTimeout='30000 ms'}
2021-01-08 02:22:13.678  INFO 1452 --- [cluster-ClusterId{value='5ff75155d31b9f601cd749be', description='null'}-localhost:27017] org.mongodb.driver.connection            : Opened connection [connectionId{localValue:2, serverValue:39}] to localhost:27017
2021-01-08 02:22:13.678  INFO 1452 --- [cluster-ClusterId{value='5ff75155d31b9f601cd749be', description='null'}-localhost:27017] org.mongodb.driver.cluster               : Monitor thread successfully connected to server with description ServerDescription{address=localhost:27017, type=STANDALONE, state=CONNECTED, ok=true, minWireVersion=0, maxWireVersion=7, maxDocumentSize=16777216, logicalSessionTimeoutMinutes=30, roundTripTimeNanos=11860600}
2021-01-08 02:22:13.678  INFO 1452 --- [cluster-rtt-ClusterId{value='5ff75155d31b9f601cd749be', description='null'}-localhost:27017] org.mongodb.driver.connection            : Opened connection [connectionId{localValue:1, serverValue:40}] to localhost:27017
2021-01-08 02:22:13.721  INFO 1452 --- [task-1] o.hibernate.annotations.common.Version   : HCANN000001: Hibernate Commons Annotations {5.1.2.Final}
2021-01-08 02:22:13.801  INFO 1452 --- [task-1] com.zaxxer.hikari.HikariDataSource       : HikariPool-1 - Starting...
2021-01-08 02:22:13.914  WARN 1452 --- [main] JpaBaseConfiguration$JpaWebConfiguration : spring.jpa.open-in-view is enabled by default. Therefore, database queries may be performed during view rendering. Explicitly configure spring.jpa.open-in-view to disable this warning
2021-01-08 02:22:13.931  INFO 1452 --- [task-1] com.zaxxer.hikari.HikariDataSource       : HikariPool-1 - Start completed.
2021-01-08 02:22:13.949  INFO 1452 --- [task-1] org.hibernate.dialect.Dialect            : HHH000400: Using dialect: org.hibernate.dialect.MySQL8Dialect
2021-01-08 02:22:14.330  INFO 1452 --- [main] o.s.b.a.e.web.EndpointLinksResolver      : Exposing 2 endpoint(s) beneath base path '/actuator'
2021-01-08 02:22:14.412  INFO 1452 --- [task-1] o.h.e.t.j.p.i.JtaPlatformInitiator       : HHH000490: Using JtaPlatform implementation: [org.hibernate.engine.transaction.jta.platform.internal.NoJtaPlatform]
2021-01-08 02:22:14.419  INFO 1452 --- [task-1] j.LocalContainerEntityManagerFactoryBean : Initialized JPA EntityManagerFactory for persistence unit 'default'
2021-01-08 02:22:14.441  INFO 1452 --- [main] o.s.b.w.embedded.tomcat.TomcatWebServer  : Tomcat started on port(s): 8080 (http) with context path ''
2021-01-08 02:22:14.442  INFO 1452 --- [main] DeferredRepositoryInitializationListener : Triggering deferred initialization of Spring Data repositories…
2021-01-08 02:22:14.564  INFO 1452 --- [main] DeferredRepositoryInitializationListener : Spring Data repositories initialized!
2021-01-08 02:22:14.575  INFO 1452 --- [main] com.pclogo.demo.DemoApplication          : Started DemoApplication in 2.824 seconds (JVM running for 3.557)
2021-01-08 02:22:15.237  INFO 1452 --- [RMI TCP Connection(2)-10.162.148.222] o.a.c.c.C.[Tomcat].[localhost].[/]       : Initializing Spring DispatcherServlet 'dispatcherServlet'
2021-01-08 02:22:15.238  INFO 1452 --- [RMI TCP Connection(2)-10.162.148.222] o.s.web.servlet.DispatcherServlet        : Initializing Servlet 'dispatcherServlet'
2021-01-08 02:22:15.351  INFO 1452 --- [RMI TCP Connection(2)-10.162.148.222] o.s.web.servlet.DispatcherServlet        : Completed initialization in 113 ms
2021-01-08 02:22:15.373  INFO 1452 --- [RMI TCP Connection(1)-10.162.148.222] org.mongodb.driver.connection            : Opened connection [connectionId{localValue:3, serverValue:41}] to localhost:27017
2021-01-08 02:22:20.941  INFO 1452 --- [http-nio-8080-exec-1] com.pclogo.demo.configuration.LogConfig  : createRoom1	0
2021-01-08 02:22:25.552  INFO 1452 --- [http-nio-8080-exec-6] com.pclogo.demo.configuration.LogConfig  : joinById2	1001	0
2021-01-08 02:23:08.099  INFO 8260 --- [main] com.pclogo.demo.DemoApplication          : Starting DemoApplication using Java 1.8.0_152 on LAPTOP-R0I541VK with PID 8260 (D:\idea\projects\BackEnd\target\classes started by 徐珺涵 in D:\idea\projects\BackEnd)
2021-01-08 02:23:08.101  INFO 8260 --- [main] com.pclogo.demo.DemoApplication          : No active profile set, falling back to default profiles: default
2021-01-08 02:23:08.167  WARN 8260 --- [background-preinit] o.s.h.c.j.Jackson2ObjectMapperBuilder    : For Jackson Kotlin classes support please add "com.fasterxml.jackson.module:jackson-module-kotlin" to the classpath
2021-01-08 02:23:08.809  INFO 8260 --- [main] .s.d.r.c.RepositoryConfigurationDelegate : Multiple Spring Data modules found, entering strict repository configuration mode!
2021-01-08 02:23:08.809  INFO 8260 --- [main] .s.d.r.c.RepositoryConfigurationDelegate : Bootstrapping Spring Data JDBC repositories in DEFAULT mode.
2021-01-08 02:23:08.835  INFO 8260 --- [main] .RepositoryConfigurationExtensionSupport : Spring Data JDBC - Could not safely identify store assignment for repository candidate interface com.pclogo.demo.repository.UserMongoRepository. If you want this repository to be a JDBC repository, consider annotating your entities with one of these annotations: org.springframework.data.relational.core.mapping.Table.
2021-01-08 02:23:08.837  INFO 8260 --- [main] .RepositoryConfigurationExtensionSupport : Spring Data JDBC - Could not safely identify store assignment for repository candidate interface com.pclogo.demo.repository.UserRepository. If you want this repository to be a JDBC repository, consider annotating your entities with one of these annotations: org.springframework.data.relational.core.mapping.Table.
2021-01-08 02:23:08.838  INFO 8260 --- [main] .s.d.r.c.RepositoryConfigurationDelegate : Finished Spring Data repository scanning in 26 ms. Found 0 JDBC repository interfaces.
2021-01-08 02:23:08.843  INFO 8260 --- [main] .s.d.r.c.RepositoryConfigurationDelegate : Multiple Spring Data modules found, entering strict repository configuration mode!
2021-01-08 02:23:08.843  INFO 8260 --- [main] .s.d.r.c.RepositoryConfigurationDelegate : Bootstrapping Spring Data JPA repositories in DEFERRED mode.
2021-01-08 02:23:08.851  INFO 8260 --- [main] .RepositoryConfigurationExtensionSupport : Spring Data JPA - Could not safely identify store assignment for repository candidate interface com.pclogo.demo.repository.UserMongoRepository. If you want this repository to be a JPA repository, consider annotating your entities with one of these annotations: javax.persistence.Entity, javax.persistence.MappedSuperclass (preferred), or consider extending one of the following types with your repository: org.springframework.data.jpa.repository.JpaRepository.
2021-01-08 02:23:08.868  INFO 8260 --- [main] .s.d.r.c.RepositoryConfigurationDelegate : Finished Spring Data repository scanning in 21 ms. Found 1 JPA repository interfaces.
2021-01-08 02:23:08.874  INFO 8260 --- [main] .s.d.r.c.RepositoryConfigurationDelegate : Multiple Spring Data modules found, entering strict repository configuration mode!
2021-01-08 02:23:08.874  INFO 8260 --- [main] .s.d.r.c.RepositoryConfigurationDelegate : Bootstrapping Spring Data MongoDB repositories in DEFAULT mode.
2021-01-08 02:23:08.878  INFO 8260 --- [main] .RepositoryConfigurationExtensionSupport : Spring Data MongoDB - Could not safely identify store assignment for repository candidate interface com.pclogo.demo.repository.UserRepository. If you want this repository to be a MongoDB repository, consider annotating your entities with one of these annotations: org.springframework.data.mongodb.core.mapping.Document (preferred), or consider extending one of the following types with your repository: org.springframework.data.mongodb.repository.MongoRepository.
2021-01-08 02:23:08.881  INFO 8260 --- [main] .s.d.r.c.RepositoryConfigurationDelegate : Finished Spring Data repository scanning in 6 ms. Found 1 MongoDB repository interfaces.
2021-01-08 02:23:09.217  INFO 8260 --- [main] o.s.b.w.embedded.tomcat.TomcatWebServer  : Tomcat initialized with port(s): 8080 (http)
2021-01-08 02:23:09.223  INFO 8260 --- [main] o.apache.catalina.core.StandardService   : Starting service [Tomcat]
2021-01-08 02:23:09.224  INFO 8260 --- [main] org.apache.catalina.core.StandardEngine  : Starting Servlet engine: [Apache Tomcat/9.0.39]
2021-01-08 02:23:09.318  INFO 8260 --- [main] o.a.c.c.C.[Tomcat].[localhost].[/]       : Initializing Spring embedded WebApplicationContext
2021-01-08 02:23:09.318  INFO 8260 --- [main] w.s.c.ServletWebServerApplicationContext : Root WebApplicationContext: initialization completed in 1183 ms
2021-01-08 02:23:09.503  INFO 8260 --- [main] o.s.s.concurrent.ThreadPoolTaskExecutor  : Initializing ExecutorService 'applicationTaskExecutor'
2021-01-08 02:23:09.512  INFO 8260 --- [main] o.s.s.c.ThreadPoolTaskScheduler          : Initializing ExecutorService 'taskScheduler'
2021-01-08 02:23:09.539  INFO 8260 --- [task-1] o.hibernate.jpa.internal.util.LogHelper  : HHH000204: Processing PersistenceUnitInfo [name: default]
2021-01-08 02:23:09.574  INFO 8260 --- [task-1] org.hibernate.Version                    : HHH000412: Hibernate ORM core version 5.4.23.Final
2021-01-08 02:23:09.671  INFO 8260 --- [main] org.mongodb.driver.cluster               : Cluster created with settings {hosts=[localhost:27017], mode=SINGLE, requiredClusterType=UNKNOWN, serverSelectionTimeout='30000 ms'}
2021-01-08 02:23:09.712  INFO 8260 --- [cluster-rtt-ClusterId{value='5ff7518d1572dc251dc635ae', description='null'}-localhost:27017] org.mongodb.driver.connection            : Opened connection [connectionId{localValue:2, serverValue:42}] to localhost:27017
2021-01-08 02:23:09.712  INFO 8260 --- [cluster-ClusterId{value='5ff7518d1572dc251dc635ae', description='null'}-localhost:27017] org.mongodb.driver.connection            : Opened connection [connectionId{localValue:1, serverValue:43}] to localhost:27017
2021-01-08 02:23:09.713  INFO 8260 --- [cluster-ClusterId{value='5ff7518d1572dc251dc635ae', description='null'}-localhost:27017] org.mongodb.driver.cluster               : Monitor thread successfully connected to server with description ServerDescription{address=localhost:27017, type=STANDALONE, state=CONNECTED, ok=true, minWireVersion=0, maxWireVersion=7, maxDocumentSize=16777216, logicalSessionTimeoutMinutes=30, roundTripTimeNanos=13177400}
2021-01-08 02:23:09.756  INFO 8260 --- [task-1] o.hibernate.annotations.common.Version   : HCANN000001: Hibernate Commons Annotations {5.1.2.Final}
2021-01-08 02:23:09.836  INFO 8260 --- [task-1] com.zaxxer.hikari.HikariDataSource       : HikariPool-1 - Starting...
2021-01-08 02:23:09.960  WARN 8260 --- [main] JpaBaseConfiguration$JpaWebConfiguration : spring.jpa.open-in-view is enabled by default. Therefore, database queries may be performed during view rendering. Explicitly configure spring.jpa.open-in-view to disable this warning
2021-01-08 02:23:09.972  INFO 8260 --- [task-1] com.zaxxer.hikari.HikariDataSource       : HikariPool-1 - Start completed.
2021-01-08 02:23:09.990  INFO 8260 --- [task-1] org.hibernate.dialect.Dialect            : HHH000400: Using dialect: org.hibernate.dialect.MySQL8Dialect
2021-01-08 02:23:10.355  INFO 8260 --- [main] o.s.b.a.e.web.EndpointLinksResolver      : Exposing 2 endpoint(s) beneath base path '/actuator'
2021-01-08 02:23:10.427  INFO 8260 --- [task-1] o.h.e.t.j.p.i.JtaPlatformInitiator       : HHH000490: Using JtaPlatform implementation: [org.hibernate.engine.transaction.jta.platform.internal.NoJtaPlatform]
2021-01-08 02:23:10.434  INFO 8260 --- [task-1] j.LocalContainerEntityManagerFactoryBean : Initialized JPA EntityManagerFactory for persistence unit 'default'
2021-01-08 02:23:10.455  INFO 8260 --- [main] o.s.b.w.embedded.tomcat.TomcatWebServer  : Tomcat started on port(s): 8080 (http) with context path ''
2021-01-08 02:23:10.456  INFO 8260 --- [main] DeferredRepositoryInitializationListener : Triggering deferred initialization of Spring Data repositories…
2021-01-08 02:23:10.597  INFO 8260 --- [main] DeferredRepositoryInitializationListener : Spring Data repositories initialized!
2021-01-08 02:23:10.611  INFO 8260 --- [main] com.pclogo.demo.DemoApplication          : Started DemoApplication in 2.792 seconds (JVM running for 3.583)
2021-01-08 02:23:11.233  INFO 8260 --- [RMI TCP Connection(1)-10.162.148.222] o.a.c.c.C.[Tomcat].[localhost].[/]       : Initializing Spring DispatcherServlet 'dispatcherServlet'
2021-01-08 02:23:11.233  INFO 8260 --- [RMI TCP Connection(1)-10.162.148.222] o.s.web.servlet.DispatcherServlet        : Initializing Servlet 'dispatcherServlet'
2021-01-08 02:23:11.345  INFO 8260 --- [RMI TCP Connection(1)-10.162.148.222] o.s.web.servlet.DispatcherServlet        : Completed initialization in 112 ms
2021-01-08 02:23:11.367  INFO 8260 --- [RMI TCP Connection(2)-10.162.148.222] org.mongodb.driver.connection            : Opened connection [connectionId{localValue:3, serverValue:44}] to localhost:27017
2021-01-08 02:23:14.917  INFO 8260 --- [http-nio-8080-exec-1] com.pclogo.demo.configuration.LogConfig  : createRoom1	0
2021-01-08 02:23:16.884  INFO 8260 --- [http-nio-8080-exec-3] com.pclogo.demo.configuration.LogConfig  : removeRoom1 1001
2021-01-08 02:23:18.566  INFO 8260 --- [http-nio-8080-exec-5] com.pclogo.demo.configuration.LogConfig  : joinById2	1001	0
2021-01-08 02:30:17.724  INFO 20316 --- [main] com.pclogo.demo.DemoApplication          : Starting DemoApplication using Java 1.8.0_152 on Laffery with PID 20316 (E:\SEPP\back\target\classes started by laffery in E:\SEPP\back)
2021-01-08 02:30:17.729  INFO 20316 --- [main] com.pclogo.demo.DemoApplication          : No active profile set, falling back to default profiles: default
2021-01-08 02:30:17.914  WARN 20316 --- [background-preinit] o.s.h.c.j.Jackson2ObjectMapperBuilder    : For Jackson Kotlin classes support please add "com.fasterxml.jackson.module:jackson-module-kotlin" to the classpath
2021-01-08 02:30:19.294  INFO 20316 --- [main] .s.d.r.c.RepositoryConfigurationDelegate : Multiple Spring Data modules found, entering strict repository configuration mode!
2021-01-08 02:30:19.295  INFO 20316 --- [main] .s.d.r.c.RepositoryConfigurationDelegate : Bootstrapping Spring Data JDBC repositories in DEFAULT mode.
2021-01-08 02:30:19.339  INFO 20316 --- [main] .RepositoryConfigurationExtensionSupport : Spring Data JDBC - Could not safely identify store assignment for repository candidate interface com.pclogo.demo.repository.UserMongoRepository. If you want this repository to be a JDBC repository, consider annotating your entities with one of these annotations: org.springframework.data.relational.core.mapping.Table.
2021-01-08 02:30:19.342  INFO 20316 --- [main] .RepositoryConfigurationExtensionSupport : Spring Data JDBC - Could not safely identify store assignment for repository candidate interface com.pclogo.demo.repository.UserRepository. If you want this repository to be a JDBC repository, consider annotating your entities with one of these annotations: org.springframework.data.relational.core.mapping.Table.
2021-01-08 02:30:19.343  INFO 20316 --- [main] .s.d.r.c.RepositoryConfigurationDelegate : Finished Spring Data repository scanning in 36 ms. Found 0 JDBC repository interfaces.
2021-01-08 02:30:19.350  INFO 20316 --- [main] .s.d.r.c.RepositoryConfigurationDelegate : Multiple Spring Data modules found, entering strict repository configuration mode!
2021-01-08 02:30:19.351  INFO 20316 --- [main] .s.d.r.c.RepositoryConfigurationDelegate : Bootstrapping Spring Data JPA repositories in DEFERRED mode.
2021-01-08 02:30:19.363  INFO 20316 --- [main] .RepositoryConfigurationExtensionSupport : Spring Data JPA - Could not safely identify store assignment for repository candidate interface com.pclogo.demo.repository.UserMongoRepository. If you want this repository to be a JPA repository, consider annotating your entities with one of these annotations: javax.persistence.Entity, javax.persistence.MappedSuperclass (preferred), or consider extending one of the following types with your repository: org.springframework.data.jpa.repository.JpaRepository.
2021-01-08 02:30:19.390  INFO 20316 --- [main] .s.d.r.c.RepositoryConfigurationDelegate : Finished Spring Data repository scanning in 33 ms. Found 1 JPA repository interfaces.
2021-01-08 02:30:19.399  INFO 20316 --- [main] .s.d.r.c.RepositoryConfigurationDelegate : Multiple Spring Data modules found, entering strict repository configuration mode!
2021-01-08 02:30:19.400  INFO 20316 --- [main] .s.d.r.c.RepositoryConfigurationDelegate : Bootstrapping Spring Data MongoDB repositories in DEFAULT mode.
2021-01-08 02:30:19.407  INFO 20316 --- [main] .RepositoryConfigurationExtensionSupport : Spring Data MongoDB - Could not safely identify store assignment for repository candidate interface com.pclogo.demo.repository.UserRepository. If you want this repository to be a MongoDB repository, consider annotating your entities with one of these annotations: org.springframework.data.mongodb.core.mapping.Document (preferred), or consider extending one of the following types with your repository: org.springframework.data.mongodb.repository.MongoRepository.
2021-01-08 02:30:19.411  INFO 20316 --- [main] .s.d.r.c.RepositoryConfigurationDelegate : Finished Spring Data repository scanning in 9 ms. Found 1 MongoDB repository interfaces.
2021-01-08 02:30:19.991  INFO 20316 --- [main] o.s.b.w.embedded.tomcat.TomcatWebServer  : Tomcat initialized with port(s): 8080 (http)
2021-01-08 02:30:20.001  INFO 20316 --- [main] o.apache.catalina.core.StandardService   : Starting service [Tomcat]
2021-01-08 02:30:20.002  INFO 20316 --- [main] org.apache.catalina.core.StandardEngine  : Starting Servlet engine: [Apache Tomcat/9.0.39]
2021-01-08 02:30:20.139  INFO 20316 --- [main] o.a.c.c.C.[Tomcat].[localhost].[/]       : Initializing Spring embedded WebApplicationContext
2021-01-08 02:30:20.139  INFO 20316 --- [main] w.s.c.ServletWebServerApplicationContext : Root WebApplicationContext: initialization completed in 2292 ms
2021-01-08 02:30:20.420  INFO 20316 --- [main] o.s.s.concurrent.ThreadPoolTaskExecutor  : Initializing ExecutorService 'applicationTaskExecutor'
2021-01-08 02:30:20.431  INFO 20316 --- [main] o.s.s.c.ThreadPoolTaskScheduler          : Initializing ExecutorService 'taskScheduler'
2021-01-08 02:30:20.480  INFO 20316 --- [task-1] o.hibernate.jpa.internal.util.LogHelper  : HHH000204: Processing PersistenceUnitInfo [name: default]
2021-01-08 02:30:20.568  INFO 20316 --- [task-1] org.hibernate.Version                    : HHH000412: Hibernate ORM core version 5.4.23.Final
2021-01-08 02:30:20.596  INFO 20316 --- [main] org.mongodb.driver.cluster               : Cluster created with settings {hosts=[localhost:27017], mode=SINGLE, requiredClusterType=UNKNOWN, serverSelectionTimeout='30000 ms'}
2021-01-08 02:30:20.775  INFO 20316 --- [cluster-ClusterId{value='5ff7533cf7df461a9dbaae7d', description='null'}-localhost:27017] org.mongodb.driver.connection            : Opened connection [connectionId{localValue:1, serverValue:53}] to localhost:27017
2021-01-08 02:30:20.775  INFO 20316 --- [cluster-rtt-ClusterId{value='5ff7533cf7df461a9dbaae7d', description='null'}-localhost:27017] org.mongodb.driver.connection            : Opened connection [connectionId{localValue:2, serverValue:52}] to localhost:27017
2021-01-08 02:30:20.776  INFO 20316 --- [cluster-ClusterId{value='5ff7533cf7df461a9dbaae7d', description='null'}-localhost:27017] org.mongodb.driver.cluster               : Monitor thread successfully connected to server with description ServerDescription{address=localhost:27017, type=STANDALONE, state=CONNECTED, ok=true, minWireVersion=0, maxWireVersion=7, maxDocumentSize=16777216, logicalSessionTimeoutMinutes=30, roundTripTimeNanos=27210700}
2021-01-08 02:30:20.933  INFO 20316 --- [task-1] o.hibernate.annotations.common.Version   : HCANN000001: Hibernate Commons Annotations {5.1.2.Final}
2021-01-08 02:30:21.099  INFO 20316 --- [task-1] com.zaxxer.hikari.HikariDataSource       : HikariPool-1 - Starting...
2021-01-08 02:30:21.155  WARN 20316 --- [main] JpaBaseConfiguration$JpaWebConfiguration : spring.jpa.open-in-view is enabled by default. Therefore, database queries may be performed during view rendering. Explicitly configure spring.jpa.open-in-view to disable this warning
2021-01-08 02:30:21.358  INFO 20316 --- [task-1] com.zaxxer.hikari.HikariDataSource       : HikariPool-1 - Start completed.
2021-01-08 02:30:21.387  INFO 20316 --- [task-1] org.hibernate.dialect.Dialect            : HHH000400: Using dialect: org.hibernate.dialect.MySQL57Dialect
2021-01-08 02:30:21.907  INFO 20316 --- [main] o.s.b.a.e.web.EndpointLinksResolver      : Exposing 2 endpoint(s) beneath base path '/actuator'
2021-01-08 02:30:22.264  INFO 20316 --- [task-1] o.h.e.t.j.p.i.JtaPlatformInitiator       : HHH000490: Using JtaPlatform implementation: [org.hibernate.engine.transaction.jta.platform.internal.NoJtaPlatform]
2021-01-08 02:30:22.277  INFO 20316 --- [task-1] j.LocalContainerEntityManagerFactoryBean : Initialized JPA EntityManagerFactory for persistence unit 'default'
2021-01-08 02:30:22.318  INFO 20316 --- [main] o.s.b.w.embedded.tomcat.TomcatWebServer  : Tomcat started on port(s): 8080 (http) with context path ''
2021-01-08 02:30:22.320  INFO 20316 --- [main] DeferredRepositoryInitializationListener : Triggering deferred initialization of Spring Data repositories…
2021-01-08 02:30:22.511  INFO 20316 --- [main] DeferredRepositoryInitializationListener : Spring Data repositories initialized!
2021-01-08 02:30:22.526  INFO 20316 --- [main] com.pclogo.demo.DemoApplication          : Started DemoApplication in 5.811 seconds (JVM running for 7.991)
2021-01-08 02:30:23.627  INFO 20316 --- [RMI TCP Connection(1)-172.24.192.1] o.a.c.c.C.[Tomcat].[localhost].[/]       : Initializing Spring DispatcherServlet 'dispatcherServlet'
2021-01-08 02:30:23.628  INFO 20316 --- [RMI TCP Connection(1)-172.24.192.1] o.s.web.servlet.DispatcherServlet        : Initializing Servlet 'dispatcherServlet'
2021-01-08 02:30:23.631  INFO 20316 --- [RMI TCP Connection(1)-172.24.192.1] o.s.web.servlet.DispatcherServlet        : Completed initialization in 3 ms
2021-01-08 02:30:23.834  INFO 20316 --- [RMI TCP Connection(2)-172.24.192.1] org.mongodb.driver.connection            : Opened connection [connectionId{localValue:3, serverValue:54}] to localhost:27017
2021-01-08 02:31:30.442  INFO 20316 --- [http-nio-8080-exec-1] com.pclogo.demo.configuration.LogConfig  : loginByNamelaffery 111111
2021-01-08 02:31:31.507  INFO 20316 --- [http-nio-8080-exec-3] com.pclogo.demo.configuration.LogConfig  : getFriend1
2021-01-08 02:31:37.606  INFO 20316 --- [http-nio-8080-exec-5] com.pclogo.demo.configuration.LogConfig  : createRoom1	0
2021-01-08 02:31:39.903  INFO 20316 --- [http-nio-8080-exec-7] com.pclogo.demo.configuration.LogConfig  : removeRoom1 1001
2021-01-08 10:55:40.824  WARN 20316 --- [HikariPool-1 housekeeper] com.zaxxer.hikari.pool.HikariPool        : HikariPool-1 - Thread starvation or clock leap detected (housekeeper delta=4h30m21s453ms953µs800ns).
